#
# A fatal error has been detected by the Java Runtime Environment:
#
#  EXCEPTION_ACCESS_VIOLATION (0xc0000005) at pc=0x68c71aeb, pid=7340, tid=544
#
# JRE version: 7.0_17-b02
# Java VM: Java HotSpot(TM) Client VM (23.7-b01 mixed mode windows-x86 )
# Problematic frame:
# V  [jvm.dll+0xc1aeb]
#
# Failed to write core dump. Minidumps are not enabled by default on client versions of Windows
#
# If you would like to submit a bug report, please visit:
#   http://bugreport.sun.com/bugreport/crash.jsp
#

---------------  T H R E A D  ---------------

Current thread (0x18775800):  JavaThread "JDWP Transport Listener: dt_socket" daemon [_thread_in_vm, id=544, stack(0x18f00000,0x18f50000)]

siginfo: ExceptionCode=0xc0000005, reading address 0x003b7473

Registers:
EAX=0x003b7473, EBX=0x00000000, ECX=0x003b7473, EDX=0x00000000
ESP=0x18f4f6ac, EBP=0x18f4f6b0, ESI=0x18775800, EDI=0x00d8ed48
EIP=0x68c71aeb, EFLAGS=0x00010202

Top of Stack: (sp=0x18f4f6ac)
0x18f4f6ac:   18775800 18f4f6dc 68d95a2a 003b7473
0x18f4f6bc:   18f4f794 18f4f717 18775800 00000000
0x18f4f6cc:   00000000 00000000 18775800 18775800
0x18f4f6dc:   18f4f718 69b39d5c 00d8ed48 003b7473
0x18f4f6ec:   18f4f717 003b7473 69b2436d 003b7473
0x18f4f6fc:   18f4f717 00000003 00000000 00000000
0x18f4f70c:   0000000a 00000000 006e7d18 18f4f738
0x18f4f71c:   69b244e0 00000001 18f4f754 18f4f790 

Instructions: (pc=0x68c71aeb)
0x68c71acb:   0c 5f 5e 5d c2 0c 00 cc cc cc cc cc cc cc cc cc
0x68c71adb:   cc cc cc cc cc 55 8b ec 8b 45 08 56 85 c0 74 28
0x68c71aeb:   8b 30 85 f6 74 22 81 fe fe fe fe fe 74 1a 8b 4e
0x68c71afb:   04 8b 41 08 8b 90 90 00 00 00 83 c1 08 ff d2 84 


Register to memory mapping:

EAX=0x003b7473 is an unknown value
EBX=0x00000000 is an unknown value
ECX=0x003b7473 is an unknown value
EDX=0x00000000 is an unknown value
ESP=0x18f4f6ac is pointing into the stack for thread: 0x18775800
EBP=0x18f4f6b0 is pointing into the stack for thread: 0x18775800
ESI=0x18775800 is a thread
EDI=0x00d8ed48 is an unknown value


Stack: [0x18f00000,0x18f50000],  sp=0x18f4f6ac,  free space=317k
Native frames: (J=compiled Java code, j=interpreted, Vv=VM code, C=native code)
V  [jvm.dll+0xc1aeb]
V  [jvm.dll+0x1e5a2a]
C  [jdwp.dll+0x19d5c]  Agent_OnLoad+0xe9ef
C  [jdwp.dll+0x44e0]
C  [jdwp.dll+0x451e]


---------------  P R O C E S S  ---------------

Java Threads: ( => current thread )
  0x18795400 JavaThread "Service Thread" daemon [_thread_blocked, id=18916, stack(0x18f70000,0x18fc0000)]
  0x18794c00 JavaThread "C1 CompilerThread0" daemon [_thread_blocked, id=8776, stack(0x194d0000,0x19520000)]
  0x18785800 JavaThread "JDWP Command Reader" daemon [_thread_in_native, id=15464, stack(0x193c0000,0x19410000)]
  0x1877e400 JavaThread "JDWP Event Helper Thread" daemon [_thread_blocked, id=15060, stack(0x18eb0000,0x18f00000)]
=>0x18775800 JavaThread "JDWP Transport Listener: dt_socket" daemon [_thread_in_vm, id=544, stack(0x18f00000,0x18f50000)]
  0x1876ec00 JavaThread "Attach Listener" daemon [_thread_blocked, id=8248, stack(0x18c60000,0x18cb0000)]
  0x1876dc00 JavaThread "Signal Dispatcher" daemon [_thread_blocked, id=17372, stack(0x18db0000,0x18e00000)]
  0x186f0000 JavaThread "Finalizer" daemon [_thread_blocked, id=17156, stack(0x18b20000,0x18b70000)]
  0x186eb400 JavaThread "Reference Handler" daemon [_thread_blocked, id=7068, stack(0x18c10000,0x18c60000)]
  0x009abc00 JavaThread "main" [_thread_blocked, id=8880, stack(0x00d20000,0x00d70000)]

Other Threads:
  0x186e6000 VMThread [stack: 0x18940000,0x18990000] [id=5968]
  0x1879e000 WatcherThread [stack: 0x19560000,0x195b0000] [id=7116]

VM state:not at safepoint (normal execution)

VM Mutex/Monitor currently owned by a thread: None

Heap
 def new generation   total 4928K, used 776K [0x046e0000, 0x04c30000, 0x09c30000)
  eden space 4416K,   5% used [0x046e0000, 0x04722358, 0x04b30000)
  from space 512K, 100% used [0x04bb0000, 0x04c30000, 0x04c30000)
  to   space 512K,   0% used [0x04b30000, 0x04b30000, 0x04bb0000)
 tenured generation   total 10944K, used 829K [0x09c30000, 0x0a6e0000, 0x146e0000)
   the space 10944K,   7% used [0x09c30000, 0x09cff528, 0x09cff600, 0x0a6e0000)
 compacting perm gen  total 12288K, used 2562K [0x146e0000, 0x152e0000, 0x186e0000)
   the space 12288K,  20% used [0x146e0000, 0x14960b40, 0x14960c00, 0x152e0000)
No shared spaces configured.

Card table byte_map: [0x00840000,0x008f0000] byte_map_base: 0x0081c900

Polling page: 0x000c0000

Code Cache  [0x026e0000, 0x027a0000, 0x046e0000)
 total_blobs=195 nmethods=67 adapters=71 free_code_cache=32020Kb largest_free_block=32788736

Compilation events (10 events):
Event: 0.282 Thread 0x18794c00   61             java.util.zip.ZipFile::ensureOpen (37 bytes)
Event: 0.282 Thread 0x18794c00 nmethod 61 0x02797f88 code [0x027980b0, 0x02798268]
Event: 0.282 Thread 0x18794c00   62             java.util.zip.ZipCoder::getBytes (192 bytes)
Event: 0.283 Thread 0x18794c00 nmethod 62 0x02798388 code [0x027985d0, 0x02799100]
Event: 0.283 Thread 0x18794c00   63             java.util.zip.ZipCoder::encoder (35 bytes)
Event: 0.283 Thread 0x18794c00 nmethod 63 0x02799d08 code [0x02799e10, 0x02799efc]
Event: 0.284 Thread 0x18794c00   65             java.util.zip.ZStreamRef::address (5 bytes)
Event: 0.284 Thread 0x18794c00 nmethod 65 0x0279a288 code [0x0279a380, 0x0279a400]
Event: 0.296 Thread 0x18794c00   67   !         java.util.zip.ZipFile::getEntry (86 bytes)
Event: 0.296 Thread 0x18794c00 nmethod 67 0x0279a6c8 code [0x0279a820, 0x0279ac58]

GC Heap History (2 events):
Event: 0.291 GC heap before
{Heap before GC invocations=0 (full 0):
 def new generation   total 4928K, used 4416K [0x046e0000, 0x04c30000, 0x09c30000)
  eden space 4416K, 100% used [0x046e0000, 0x04b30000, 0x04b30000)
  from space 512K,   0% used [0x04b30000, 0x04b30000, 0x04bb0000)
  to   space 512K,   0% used [0x04bb0000, 0x04bb0000, 0x04c30000)
 tenured generation   total 10944K, used 0K [0x09c30000, 0x0a6e0000, 0x146e0000)
   the space 10944K,   0% used [0x09c30000, 0x09c30000, 0x09c30200, 0x0a6e0000)
 compacting perm gen  total 12288K, used 2533K [0x146e0000, 0x152e0000, 0x186e0000)
   the space 12288K,  20% used [0x146e0000, 0x14959698, 0x14959800, 0x152e0000)
No shared spaces configured.
Event: 0.295 GC heap after
Heap after GC invocations=1 (full 0):
 def new generation   total 4928K, used 512K [0x046e0000, 0x04c30000, 0x09c30000)
  eden space 4416K,   0% used [0x046e0000, 0x046e0000, 0x04b30000)
  from space 512K, 100% used [0x04bb0000, 0x04c30000, 0x04c30000)
  to   space 512K,   0% used [0x04b30000, 0x04b30000, 0x04bb0000)
 tenured generation   total 10944K, used 829K [0x09c30000, 0x0a6e0000, 0x146e0000)
   the space 10944K,   7% used [0x09c30000, 0x09cff528, 0x09cff600, 0x0a6e0000)
 compacting perm gen  total 12288K, used 2533K [0x146e0000, 0x152e0000, 0x186e0000)
   the space 12288K,  20% used [0x146e0000, 0x14959698, 0x14959800, 0x152e0000)
No shared spaces configured.
}

Deoptimization events (0 events):
No events

Internal exceptions (10 events):
Event: 0.289 Thread 0x009abc00 Threw 0x04b11910 at C:\jdk7u2_32P\jdk7u17\hotspot\src\share\vm\prims\jvm.cpp:1166
Event: 0.289 Thread 0x009abc00 Threw 0x04b168c8 at C:\jdk7u2_32P\jdk7u17\hotspot\src\share\vm\prims\jvm.cpp:1166
Event: 0.290 Thread 0x009abc00 Threw 0x04b1b270 at C:\jdk7u2_32P\jdk7u17\hotspot\src\share\vm\prims\jvm.cpp:1166
Event: 0.290 Thread 0x009abc00 Threw 0x04b1f780 at C:\jdk7u2_32P\jdk7u17\hotspot\src\share\vm\prims\jvm.cpp:1166
Event: 0.290 Thread 0x009abc00 Threw 0x04b23fa0 at C:\jdk7u2_32P\jdk7u17\hotspot\src\share\vm\prims\jvm.cpp:1166
Event: 0.291 Thread 0x009abc00 Threw 0x04b28600 at C:\jdk7u2_32P\jdk7u17\hotspot\src\share\vm\prims\jvm.cpp:1166
Event: 0.291 Thread 0x009abc00 Threw 0x04b2c520 at C:\jdk7u2_32P\jdk7u17\hotspot\src\share\vm\prims\jvm.cpp:1166
Event: 0.296 Thread 0x009abc00 Threw 0x046e0f60 at C:\jdk7u2_32P\jdk7u17\hotspot\src\share\vm\prims\jvm.cpp:1166
Event: 0.296 Thread 0x009abc00 Threw 0x046e4fd8 at C:\jdk7u2_32P\jdk7u17\hotspot\src\share\vm\prims\jvm.cpp:1166
Event: 7.307 Thread 0x009abc00 Threw 0x046ed8c0 at C:\jdk7u2_32P\jdk7u17\hotspot\src\share\vm\prims\jvm.cpp:1166

Events (10 events):
Event: 1004.474 Executing VM operation: GetCurrentLocation
Event: 1004.474 Executing VM operation: GetCurrentLocation done
Event: 1004.474 Executing VM operation: EnterInterpOnlyMode
Event: 1004.474 Executing VM operation: EnterInterpOnlyMode done
Event: 1004.474 Executing VM operation: ChangeSingleStep
Event: 1004.474 Executing VM operation: ChangeSingleStep done
Event: 1004.474 Executing VM operation: ChangeSingleStep
Event: 1004.474 Executing VM operation: ChangeSingleStep done
Event: 1004.478 Executing VM operation: RedefineClasses
Event: 1004.479 Executing VM operation: RedefineClasses done


Dynamic libraries:
0x00eb0000 - 0x00edf000 	D:\devPro\Juno-SR2-win32\setup\jdk7\bin\javaw.exe
0x775b0000 - 0x77730000 	C:\Windows\SysWOW64\ntdll.dll
0x76170000 - 0x76280000 	C:\Windows\syswow64\kernel32.dll
0x74d00000 - 0x74d47000 	C:\Windows\syswow64\KERNELBASE.dll
0x751f0000 - 0x75290000 	C:\Windows\syswow64\ADVAPI32.dll
0x75fd0000 - 0x7607c000 	C:\Windows\syswow64\msvcrt.dll
0x76150000 - 0x76169000 	C:\Windows\SysWOW64\sechost.dll
0x74d50000 - 0x74e40000 	C:\Windows\syswow64\RPCRT4.dll
0x74c70000 - 0x74cd0000 	C:\Windows\syswow64\SspiCli.dll
0x74c60000 - 0x74c6c000 	C:\Windows\syswow64\CRYPTBASE.dll
0x75060000 - 0x75160000 	C:\Windows\syswow64\USER32.dll
0x76c40000 - 0x76cd0000 	C:\Windows\syswow64\GDI32.dll
0x76580000 - 0x7658a000 	C:\Windows\syswow64\LPK.dll
0x765a0000 - 0x7663d000 	C:\Windows\syswow64\USP10.dll
0x729f0000 - 0x72b8e000 	C:\Windows\WinSxS\x86_microsoft.windows.common-controls_6595b64144ccf1df_6.0.7601.17514_none_41e6975e2bd6f2b2\COMCTL32.dll
0x75290000 - 0x752e7000 	C:\Windows\syswow64\SHLWAPI.dll
0x76800000 - 0x76860000 	C:\Windows\system32\IMM32.DLL
0x76080000 - 0x7614c000 	C:\Windows\syswow64\MSCTF.dll
0x6cb80000 - 0x6cc3e000 	D:\devPro\Juno-SR2-win32\setup\jdk7\jre\bin\msvcr100.dll
0x68bb0000 - 0x68efc000 	D:\devPro\Juno-SR2-win32\setup\jdk7\jre\bin\client\jvm.dll
0x748c0000 - 0x748c7000 	C:\Windows\system32\WSOCK32.dll
0x752f0000 - 0x75325000 	C:\Windows\syswow64\WS2_32.dll
0x76590000 - 0x76596000 	C:\Windows\syswow64\NSI.dll
0x748d0000 - 0x74902000 	C:\Windows\system32\WINMM.dll
0x74e40000 - 0x74e45000 	C:\Windows\syswow64\PSAPI.DLL
0x720f0000 - 0x720fc000 	D:\devPro\Juno-SR2-win32\setup\jdk7\jre\bin\verify.dll
0x720d0000 - 0x720f0000 	D:\devPro\Juno-SR2-win32\setup\jdk7\jre\bin\java.dll
0x69b20000 - 0x69b4a000 	D:\devPro\Juno-SR2-win32\setup\jdk7\jre\bin\jdwp.dll
0x6ca50000 - 0x6ca57000 	D:\devPro\Juno-SR2-win32\setup\jdk7\jre\bin\npt.dll
0x6d540000 - 0x6d553000 	D:\devPro\Juno-SR2-win32\setup\jdk7\jre\bin\zip.dll
0x6d200000 - 0x6d208000 	D:\devPro\Juno-SR2-win32\setup\jdk7\jre\bin\dt_socket.dll
0x72d40000 - 0x72d50000 	C:\Windows\system32\NLAapi.dll
0x72d30000 - 0x72d40000 	C:\Windows\system32\napinsp.dll
0x72d10000 - 0x72d22000 	C:\Windows\system32\pnrpnsp.dll
0x72bd0000 - 0x72c0c000 	C:\Windows\System32\mswsock.dll
0x72cc0000 - 0x72d04000 	C:\Windows\system32\DNSAPI.dll
0x72cb0000 - 0x72cb8000 	C:\Windows\System32\winrnr.dll
0x72d70000 - 0x72d8c000 	C:\Windows\system32\IPHLPAPI.DLL
0x72d60000 - 0x72d67000 	C:\Windows\system32\WINNSI.DLL
0x72c50000 - 0x72c88000 	C:\Windows\System32\fwpuclnt.dll
0x72ca0000 - 0x72ca6000 	C:\Windows\system32\rasadhlp.dll
0x72e00000 - 0x72e05000 	C:\Windows\System32\wshtcpip.dll
0x72900000 - 0x729eb000 	C:\Windows\system32\dbghelp.dll

VM Arguments:
jvm_args: -agentlib:jdwp=transport=dt_socket,suspend=y,address=localhost:52295 -Dfile.encoding=GBK 
java_command: com.JSON.test
Launcher Type: SUN_STANDARD

Environment Variables:
JAVA_HOME=D:\server\Java\jdk1.7.0_60
CLASSPATH=.;D:\server\Java\jdk1.7.0_60\lib;D:\server\Java\jdk1.7.0_60\lib\tools.jar
PATH=D:\devPro\Juno-SR2-win32\setup\jdk7\jre\bin;C:/Program Files (x86)/Java/jre7/bin/client;C:/Program Files (x86)/Java/jre7/bin;C:/Program Files (x86)/Java/jre7/lib/i386;C:\ProgramData\Oracle\Java\javapath;D:\Oracle10g\Oracle10g\bin;C:\Program Files (x86)\Intel\iCLS Client\;C:\Program Files\Intel\iCLS Client\;C:\Windows\system32;C:\Windows;C:\Windows\System32\Wbem;C:\Windows\System32\WindowsPowerShell\v1.0\;C:\Program Files\Intel\Intel(R) Management Engine Components\DAL;C:\Program Files\Intel\Intel(R) Management Engine Components\IPT;C:\Program Files (x86)\Intel\Intel(R) Management Engine Components\DAL;C:\Program Files (x86)\Intel\Intel(R) Management Engine Components\IPT¡°;;JAVA_HOME\bin;D:\server\Java\jdk1.7.0_60\jre\bin;D:\devPro\Juno-SR2-win32\eclipse2014-08-14\eclipse2;
USERNAME=Administrator
OS=Windows_NT
PROCESSOR_IDENTIFIER=Intel64 Family 6 Model 60 Stepping 3, GenuineIntel



---------------  S Y S T E M  ---------------

OS: Windows 7 , 64 bit Build 7601 Service Pack 1

CPU:total 4 (4 cores per cpu, 1 threads per core) family 6 model 60 stepping 3, cmov, cx8, fxsr, mmx, sse, sse2, sse3, ssse3, sse4.1, sse4.2, popcnt, avx, avx2, tsc, tscinvbit

Memory: 4k page, physical 7805812k(2562932k free), swap 15609760k(7973752k free)

vm_info: Java HotSpot(TM) Client VM (23.7-b01) for windows-x86 JRE (1.7.0_17-b02), built on Mar  1 2013 05:04:36 by "java_re" with unknown MS VC++:1600

time: Thu Jan 08 10:33:17 2015
elapsed time: 1004 seconds

